<?xml version="1.0" encoding="UTF-8"?>
<!-- Generated by org.testng.reporters.JUnitReportReporter -->
<testsuite hostname="LAINPU1502-0130" name="ACDCWebPortal.processManuscriptUsingWebortal" tests="1" failures="0" timestamp="25 Jul 2019 12:07:49 GMT" time="0.001" errors="1">
  <testcase name="processManuscriptFile" time="0.001" classname="ACDCWebPortal.processManuscriptUsingWebortal">
    <error type="java.lang.NullPointerException">
      <![CDATA[java.lang.NullPointerException
	at utility.Utils.listFilesAndFilesSubDirectories(Utils.java:111)
	at ACDCWebPortal.processManuscriptUsingWebortal.processManuscriptFile(processManuscriptUsingWebortal.java:49)
	at sun.reflect.NativeMethodAccessorImpl.invoke0(Native Method)
	at sun.reflect.NativeMethodAccessorImpl.invoke(Unknown Source)
	at sun.reflect.DelegatingMethodAccessorImpl.invoke(Unknown Source)
	at java.lang.reflect.Method.invoke(Unknown Source)
	at org.testng.internal.MethodInvocationHelper.invokeMethod(MethodInvocationHelper.java:86)
	at org.testng.internal.Invoker.invokeMethod(Invoker.java:643)
	at org.testng.internal.Invoker.invokeTestMethod(Invoker.java:820)
	at org.testng.internal.Invoker.invokeTestMethods(Invoker.java:1128)
	at org.testng.internal.TestMethodWorker.invokeTestMethods(TestMethodWorker.java:129)
	at org.testng.internal.TestMethodWorker.run(TestMethodWorker.java:112)
	at org.testng.TestRunner.privateRun(TestRunner.java:782)
	at org.testng.TestRunner.run(TestRunner.java:632)
	at org.testng.SuiteRunner.runTest(SuiteRunner.java:366)
	at org.testng.SuiteRunner.runSequentially(SuiteRunner.java:361)
	at org.testng.SuiteRunner.privateRun(SuiteRunner.java:319)
	at org.testng.SuiteRunner.run(SuiteRunner.java:268)
	at org.testng.SuiteRunnerWorker.runSuite(SuiteRunnerWorker.java:52)
	at org.testng.SuiteRunnerWorker.run(SuiteRunnerWorker.java:86)
	at org.testng.TestNG.runSuitesSequentially(TestNG.java:1244)
	at org.testng.TestNG.runSuitesLocally(TestNG.java:1169)
	at org.testng.TestNG.run(TestNG.java:1064)
	at ACDCWebPortal.WebPortalMain.main(WebPortalMain.java:12)
]]>
    </error>
  </testcase> <!-- processManuscriptFile -->
</testsuite> <!-- ACDCWebPortal.processManuscriptUsingWebortal -->
