<?xml version="1.0" encoding="UTF-8"?>
<!-- Generated by org.testng.reporters.JUnitReportReporter -->
<testsuite hostname="Lainpu1502-0041" name="performanceTest.automatedPerformanceTest" tests="1" failures="0" timestamp="17 Jun 2019 11:41:20 GMT" time="5309.317" errors="0">
  <testcase name="performanceTest" time="5309.317" classname="performanceTest.automatedPerformanceTest"/>
</testsuite> <!-- performanceTest.automatedPerformanceTest -->
