<?xml version="1.0" encoding="UTF-8"?>
<!-- Generated by org.testng.reporters.JUnitReportReporter -->
<testsuite hostname="Lainpu1502-0041" name="TestRegression.emPortalRegressionSuite" tests="1" failures="0" timestamp="26 Jun 2018 13:06:03 GMT" time="0.020" errors="0">
  <testcase name="testapp" time="0.020" classname="TestRegression.emPortalRegressionSuite"/>
</testsuite> <!-- TestRegression.emPortalRegressionSuite -->
