<?xml version="1.0" encoding="UTF-8"?>
<!-- Generated by org.testng.reporters.JUnitReportReporter -->
<testsuite hostname="Lainpu1502-0041" name="TestRegression.TestRegression" tests="1" failures="0" timestamp="13 Nov 2018 11:58:02 GMT" time="240.898" errors="0">
  <testcase name="ClickLinkPage" time="240.898" classname="TestRegression.TestRegression"/>
</testsuite> <!-- TestRegression.TestRegression -->
